2023-10-22 21:11:07,181 [INFO] Activator:176 - 


2023-10-22 21:11:07,182 [INFO] Activator:177 - !SESSION log4j initialized
2023-10-22 21:11:08,302 [INFO] LogOutputStream:77 - [STDOUT_REDIRECT] 
2023-10-22 21:11:09,552 [INFO] ApplicationProperties:184 - Using Application install path: /opt/st/stm32cubeide_1.13.2/plugins/com.st.stm32cube.common.mx_6.9.2.202309101412
2023-10-22 21:11:09,562 [INFO] DbMcusXml:78 - Set database path to: /opt/st/stm32cubeide_1.13.2/plugins/com.st.stm32cube.common.mx_6.9.2.202309101412//db//mcu/
2023-10-22 21:11:09,563 [INFO] ApiDb:274 - Set plugin database path to: /opt/st/stm32cubeide_1.13.2/plugins/com.st.stm32cube.common.mx_6.9.2.202309101412//db//plugins/boardmanager/
2023-10-22 21:11:09,563 [WARN] ApiDb:259 - Overriding images path with different value:  => /opt/st/stm32cubeide_1.13.2/plugins/com.st.stm32cube.common.mx_6.9.2.202309101412//db//plugins/mcufinder/images/
2023-10-22 21:11:09,568 [INFO] ApiDb:250 - Set database path to: /home/sota/.stmcufinder/plugins/mcufinder//mcu/
2023-10-22 21:11:09,569 [INFO] DbMcusAds:125 - Set database path to: /home/sota/.stmcufinder/plugins/mcufinder//mcu/
2023-10-22 21:11:09,570 [INFO] CrossReferenceDbSqlite:203 - Set database path to: /home/sota/.stmcufinder/plugins/mcufinder//mcu/cs/
2023-10-22 21:11:09,641 [INFO] RulesReader:64 - Compatibility file has been processed (293 Rules)
2023-10-22 21:11:09,674 [INFO] DbMcusXml:78 - Set database path to: /opt/st/stm32cubeide_1.13.2/plugins/com.st.stm32cube.common.mx_6.9.2.202309101412//db//mcu/
2023-10-22 21:11:09,674 [INFO] ApiDb:274 - Set plugin database path to: /opt/st/stm32cubeide_1.13.2/plugins/com.st.stm32cube.common.mx_6.9.2.202309101412//db//plugins/boardmanager/
2023-10-22 21:11:09,674 [INFO] ApiDb:261 - Set plugin images path to: /opt/st/stm32cubeide_1.13.2/plugins/com.st.stm32cube.common.mx_6.9.2.202309101412//db//plugins/mcufinder/images/
2023-10-22 21:11:09,674 [WARN] DbFile:41 - Overriding database path with different value: /home/sota/.stmcufinder/plugins/mcufinder/ => /home/sota/.stmcufinder/plugins/mcufinder
2023-10-22 21:11:09,674 [INFO] ApiDb:250 - Set database path to: /home/sota/.stmcufinder/plugins/mcufinder//mcu/
2023-10-22 21:11:09,675 [WARN] DbFile:41 - Overriding database path with different value: /home/sota/.stmcufinder/plugins/mcufinder/ => /home/sota/.stmcufinder/plugins/mcufinder
2023-10-22 21:11:09,675 [INFO] DbMcusAds:125 - Set database path to: /home/sota/.stmcufinder/plugins/mcufinder//mcu/
2023-10-22 21:11:09,675 [WARN] DbFile:41 - Overriding database path with different value: /home/sota/.stmcufinder/plugins/mcufinder/ => /home/sota/.stmcufinder/plugins/mcufinder
2023-10-22 21:11:09,675 [WARN] DbFile:41 - Overriding database path with different value: /home/sota/.stmcufinder/plugins/mcufinder/ => /home/sota/.stmcufinder/plugins/mcufinder
2023-10-22 21:11:09,675 [INFO] CrossReferenceDbSqlite:203 - Set database path to: /home/sota/.stmcufinder/plugins/mcufinder//mcu/cs/
2023-10-22 21:11:09,712 [INFO] MainPanel:262 - HeapMemory: 268435456
2023-10-22 21:11:09,757 [INFO] DbMcusXml:78 - Set database path to: /opt/st/stm32cubeide_1.13.2/plugins/com.st.stm32cube.common.mx_6.9.2.202309101412//db//mcu/
2023-10-22 21:11:09,757 [INFO] ApiDb:274 - Set plugin database path to: /opt/st/stm32cubeide_1.13.2/plugins/com.st.stm32cube.common.mx_6.9.2.202309101412//db//plugins/boardmanager/
2023-10-22 21:11:09,757 [INFO] ApiDb:261 - Set plugin images path to: /opt/st/stm32cubeide_1.13.2/plugins/com.st.stm32cube.common.mx_6.9.2.202309101412//db//plugins/mcufinder/images/
2023-10-22 21:11:09,757 [WARN] DbFile:41 - Overriding database path with different value: /home/sota/.stmcufinder/plugins/mcufinder/ => /home/sota/.stmcufinder/plugins/mcufinder
2023-10-22 21:11:09,757 [INFO] ApiDb:250 - Set database path to: /home/sota/.stmcufinder/plugins/mcufinder//mcu/
2023-10-22 21:11:09,757 [WARN] DbFile:41 - Overriding database path with different value: /home/sota/.stmcufinder/plugins/mcufinder/ => /home/sota/.stmcufinder/plugins/mcufinder
2023-10-22 21:11:09,757 [INFO] DbMcusAds:125 - Set database path to: /home/sota/.stmcufinder/plugins/mcufinder//mcu/
2023-10-22 21:11:09,758 [WARN] DbFile:41 - Overriding database path with different value: /home/sota/.stmcufinder/plugins/mcufinder/ => /home/sota/.stmcufinder/plugins/mcufinder
2023-10-22 21:11:09,758 [WARN] DbFile:41 - Overriding database path with different value: /home/sota/.stmcufinder/plugins/mcufinder/ => /home/sota/.stmcufinder/plugins/mcufinder
2023-10-22 21:11:09,758 [INFO] CrossReferenceDbSqlite:203 - Set database path to: /home/sota/.stmcufinder/plugins/mcufinder//mcu/cs/
2023-10-22 21:11:09,766 [INFO] ApplicationProperties:184 - Using Application install path: /opt/st/stm32cubeide_1.13.2/plugins/com.st.stm32cube.common.mx_6.9.2.202309101412
2023-10-22 21:11:09,767 [INFO] PluginManage:196 - Search for loadable plugins [exclusion list=, ]
2023-10-22 21:11:09,768 [INFO] PluginManage:310 - Check plugin analytics
2023-10-22 21:11:09,871 [INFO] AnalyticsPlugin:253 - Accepted Software Licenses: 
2023-10-22 21:11:09,871 [INFO] AnalyticsPlugin:255 - Accepted CMSIS Pack Licenses: 
2023-10-22 21:11:09,871 [INFO] AnalyticsPlugin:257 - Accepted Firmware Licenses: 
2023-10-22 21:11:09,872 [INFO] PluginManage:359 - Loaded plugin analytics (category:tool,tabindex:-1)
2023-10-22 21:11:09,873 [INFO] PluginManage:310 - Check plugin cadmodel
2023-10-22 21:11:09,886 [INFO] CADModel:105 - Init CAD model plugin
2023-10-22 21:11:09,886 [INFO] PluginManage:359 - Loaded plugin cadmodel (category:power,tabindex:5)
2023-10-22 21:11:09,887 [INFO] PluginManage:310 - Check plugin clock
2023-10-22 21:11:09,892 [INFO] PluginManage:359 - Loaded plugin clock (category:base,tabindex:2)
2023-10-22 21:11:09,892 [INFO] PluginManage:310 - Check plugin ddr
2023-10-22 21:11:09,893 [INFO] PluginManage:359 - Loaded plugin ddr (category:tool,tabindex:6)
2023-10-22 21:11:09,893 [INFO] PluginManage:310 - Check plugin filemanager
2023-10-22 21:11:09,969 [INFO] PluginManage:359 - Loaded plugin filemanager (category:base,tabindex:10)
2023-10-22 21:11:09,969 [INFO] PluginManage:310 - Check plugin ipmanager
2023-10-22 21:11:09,972 [INFO] PluginManage:359 - Loaded plugin ipmanager (category:base,tabindex:5)
2023-10-22 21:11:09,972 [INFO] PluginManage:310 - Check plugin lpbam
2023-10-22 21:11:09,977 [INFO] PluginManage:359 - Loaded plugin lpbam (category:base,tabindex:0)
2023-10-22 21:11:09,978 [INFO] PluginManage:310 - Check plugin memorymap
2023-10-22 21:11:09,984 [INFO] PluginManage:359 - Loaded plugin memorymap (category:base,tabindex:4)
2023-10-22 21:11:09,984 [INFO] PluginManage:310 - Check plugin pinoutandconfiguration
2023-10-22 21:11:09,988 [INFO] PluginManage:359 - Loaded plugin pinoutandconfiguration (category:base,tabindex:1)
2023-10-22 21:11:09,988 [INFO] PluginManage:310 - Check plugin pinoutconfig
2023-10-22 21:11:10,040 [WARN] SupportedApi:132 - Cannot load RTOS API schema: s4s-elt-must-match.1: The content of 'definitions' must match (annotation?, (simpleType | complexType)?, (unique | key | keyref)*)). A problem was found starting at: attribute.
2023-10-22 21:11:10,140 [INFO] PluginManage:359 - Loaded plugin pinoutconfig (category:base,tabindex:0)
2023-10-22 21:11:10,140 [INFO] PluginManage:310 - Check plugin power
2023-10-22 21:11:10,145 [INFO] PluginManage:359 - Loaded plugin power (category:power,tabindex:4)
2023-10-22 21:11:10,145 [INFO] PluginManage:310 - Check plugin projectmanager
2023-10-22 21:11:10,153 [INFO] PluginManage:359 - Loaded plugin projectmanager (category:projectmanager,tabindex:3)
2023-10-22 21:11:10,153 [INFO] PluginManage:310 - Check plugin thirdparty
2023-10-22 21:11:10,217 [INFO] PluginManage:359 - Loaded plugin thirdparty (category:base,tabindex:-1)
2023-10-22 21:11:10,217 [INFO] PluginManage:310 - Check plugin tools
2023-10-22 21:11:10,217 [WARN] IntegrityCheckThread:84 - waiting for thirdparty lock release [integrity check]
2023-10-22 21:11:10,217 [INFO] IntegrityCheckThread:86 - entering critical section [integrity check]
2023-10-22 21:11:10,218 [INFO] ThirdPartyUpdaterWithRetryManager:70 - Updater plugin not ready yet. [1/15]
2023-10-22 21:11:10,219 [INFO] PluginManage:359 - Loaded plugin tools (category:base,tabindex:7)
2023-10-22 21:11:10,219 [INFO] PluginManage:310 - Check plugin tutovideos
2023-10-22 21:11:10,319 [INFO] PluginManage:359 - Loaded plugin tutovideos (category:base,tabindex:-1)
2023-10-22 21:11:10,319 [INFO] PluginManage:310 - Check plugin updater
2023-10-22 21:11:10,325 [INFO] PluginManage:359 - Loaded plugin updater (category:base,tabindex:12)
2023-10-22 21:11:10,325 [INFO] PluginManage:310 - Check plugin userauth
2023-10-22 21:11:10,328 [INFO] UserAuth:113 - Init User Auth plugin
2023-10-22 21:11:10,328 [INFO] PluginManage:359 - Loaded plugin userauth (category:base,tabindex:14)
2023-10-22 21:11:10,328 [INFO] PluginManage:283 - PluginManage : Loaded plugins [17]
2023-10-22 21:11:10,434 [INFO] PinOutPanel:1499 - setPackage(No Configuration,No Configuration)
2023-10-22 21:11:10,481 [INFO] CADModel:165 - CPN selected for project level
2023-10-22 21:11:10,481 [INFO] CADModel:114 - Register for checkConnection events
2023-10-22 21:11:10,486 [INFO] IPUIPlugin:80 - create IPUIPlugin
2023-10-22 21:11:10,487 [INFO] PluginManager:220 - loadIPPluginJar : add ucpd
2023-10-22 21:11:10,487 [INFO] IPUIPlugin:80 - create IPUIPlugin
2023-10-22 21:11:10,487 [INFO] PluginManager:220 - loadIPPluginJar : add fatfs
2023-10-22 21:11:10,492 [INFO] IPUIPlugin:80 - create IPUIPlugin
2023-10-22 21:11:10,492 [INFO] PluginManager:220 - loadIPPluginJar : add stm32_wpan
2023-10-22 21:11:10,494 [INFO] IPUIPlugin:80 - create IPUIPlugin
2023-10-22 21:11:10,494 [INFO] PluginManager:220 - loadIPPluginJar : add lorawan
2023-10-22 21:11:10,495 [INFO] IPUIPlugin:80 - create IPUIPlugin
2023-10-22 21:11:10,495 [INFO] PluginManager:220 - loadIPPluginJar : add resmgrutility
2023-10-22 21:11:10,496 [INFO] IPUIPlugin:80 - create IPUIPlugin
2023-10-22 21:11:10,496 [INFO] PluginManager:220 - loadIPPluginJar : add spi
2023-10-22 21:11:10,498 [INFO] IPUIPlugin:80 - create IPUIPlugin
2023-10-22 21:11:10,498 [INFO] PluginManager:220 - loadIPPluginJar : add sai
2023-10-22 21:11:10,498 [INFO] IPUIPlugin:80 - create IPUIPlugin
2023-10-22 21:11:10,498 [INFO] PluginManager:220 - loadIPPluginJar : add genericplugin
2023-10-22 21:11:10,502 [INFO] IPUIPlugin:80 - create IPUIPlugin
2023-10-22 21:11:10,502 [INFO] PluginManager:220 - loadIPPluginJar : add dma
2023-10-22 21:11:10,505 [INFO] IPUIPlugin:80 - create IPUIPlugin
2023-10-22 21:11:10,506 [INFO] PluginManager:220 - loadIPPluginJar : add mdma
2023-10-22 21:11:10,506 [INFO] IPUIPlugin:80 - create IPUIPlugin
2023-10-22 21:11:10,506 [INFO] PluginManager:220 - loadIPPluginJar : add ts
2023-10-22 21:11:10,507 [INFO] IPUIPlugin:80 - create IPUIPlugin
2023-10-22 21:11:10,507 [INFO] PluginManager:220 - loadIPPluginJar : add ltdc
2023-10-22 21:11:10,508 [INFO] IPUIPlugin:80 - create IPUIPlugin
2023-10-22 21:11:10,508 [INFO] PluginManager:220 - loadIPPluginJar : add pdm2pcm
2023-10-22 21:11:10,510 [INFO] IPUIPlugin:80 - create IPUIPlugin
2023-10-22 21:11:10,510 [INFO] PluginManager:220 - loadIPPluginJar : add usbx
2023-10-22 21:11:10,511 [INFO] IPUIPlugin:80 - create IPUIPlugin
2023-10-22 21:11:10,512 [INFO] PluginManager:220 - loadIPPluginJar : add opamp
2023-10-22 21:11:10,515 [INFO] IPUIPlugin:80 - create IPUIPlugin
2023-10-22 21:11:10,515 [INFO] PluginManager:220 - loadIPPluginJar : add adc
2023-10-22 21:11:10,519 [INFO] IPUIPlugin:80 - create IPUIPlugin
2023-10-22 21:11:10,519 [INFO] PluginManager:220 - loadIPPluginJar : add linkedlist
2023-10-22 21:11:10,520 [INFO] IPUIPlugin:80 - create IPUIPlugin
2023-10-22 21:11:10,520 [INFO] PluginManager:220 - loadIPPluginJar : add i3c
2023-10-22 21:11:10,521 [INFO] IPUIPlugin:80 - create IPUIPlugin
2023-10-22 21:11:10,521 [INFO] PluginManager:220 - loadIPPluginJar : add tim
2023-10-22 21:11:10,523 [INFO] IPUIPlugin:80 - create IPUIPlugin
2023-10-22 21:11:10,523 [INFO] PluginManager:220 - loadIPPluginJar : add gpio
2023-10-22 21:11:10,525 [INFO] IPUIPlugin:80 - create IPUIPlugin
2023-10-22 21:11:10,525 [INFO] PluginManager:220 - loadIPPluginJar : add openamp
2023-10-22 21:11:10,526 [INFO] IPUIPlugin:80 - create IPUIPlugin
2023-10-22 21:11:10,526 [INFO] PluginManager:220 - loadIPPluginJar : add i2c
2023-10-22 21:11:10,527 [INFO] IPUIPlugin:80 - create IPUIPlugin
2023-10-22 21:11:10,527 [INFO] PluginManager:220 - loadIPPluginJar : add hash
2023-10-22 21:11:10,529 [INFO] IPUIPlugin:80 - create IPUIPlugin
2023-10-22 21:11:10,529 [INFO] PluginManager:220 - loadIPPluginJar : add nvic
2023-10-22 21:11:10,532 [INFO] IPUIPlugin:80 - create IPUIPlugin
2023-10-22 21:11:10,533 [INFO] PluginManager:220 - loadIPPluginJar : add freertos
2023-10-22 21:11:10,534 [INFO] IPUIPlugin:80 - create IPUIPlugin
2023-10-22 21:11:10,534 [INFO] PluginManager:220 - loadIPPluginJar : add dfsdm
2023-10-22 21:11:10,535 [INFO] IPUIPlugin:80 - create IPUIPlugin
2023-10-22 21:11:10,535 [INFO] PluginManager:220 - loadIPPluginJar : add gfxmmu
2023-10-22 21:11:10,536 [INFO] IPUIPlugin:80 - create IPUIPlugin
2023-10-22 21:11:10,536 [INFO] PluginManager:220 - loadIPPluginJar : add tracer_emb
2023-10-22 21:11:10,537 [INFO] IPUIPlugin:80 - create IPUIPlugin
2023-10-22 21:11:10,537 [INFO] PluginManager:220 - loadIPPluginJar : add tsc
2023-10-22 21:11:10,538 [INFO] IPUIPlugin:80 - create IPUIPlugin
2023-10-22 21:11:10,538 [INFO] PluginManager:220 - loadIPPluginJar : add cryp
2023-10-22 21:11:10,539 [INFO] IPUIPlugin:80 - create IPUIPlugin
2023-10-22 21:11:10,539 [INFO] PluginManager:220 - loadIPPluginJar : add gtzc
2023-10-22 21:11:10,540 [INFO] IPUIPlugin:80 - create IPUIPlugin
2023-10-22 21:11:10,540 [INFO] PluginManager:220 - loadIPPluginJar : add aes
2023-10-22 21:11:10,542 [INFO] IPUIPlugin:80 - create IPUIPlugin
2023-10-22 21:11:10,542 [INFO] PluginManager:220 - loadIPPluginJar : add touchsensing
2023-10-22 21:11:10,545 [INFO] IPUIPlugin:80 - create IPUIPlugin
2023-10-22 21:11:10,545 [INFO] PluginManager:220 - loadIPPluginJar : add gic
2023-10-22 21:11:10,546 [INFO] IPUIPlugin:80 - create IPUIPlugin
2023-10-22 21:11:10,546 [INFO] PluginManager:220 - loadIPPluginJar : add usart
2023-10-22 21:11:10,547 [INFO] IPUIPlugin:80 - create IPUIPlugin
2023-10-22 21:11:10,547 [INFO] PluginManager:220 - loadIPPluginJar : add quadspi
2023-10-22 21:11:10,548 [INFO] IPUIPlugin:80 - create IPUIPlugin
2023-10-22 21:11:10,548 [INFO] PluginManager:220 - loadIPPluginJar : add can
2023-10-22 21:11:10,549 [INFO] IPUIPlugin:80 - create IPUIPlugin
2023-10-22 21:11:10,549 [INFO] PluginManager:220 - loadIPPluginJar : add i2s
2023-10-22 21:11:10,552 [INFO] IPUIPlugin:80 - create IPUIPlugin
2023-10-22 21:11:10,554 [INFO] PluginManager:220 - loadIPPluginJar : add plateformsettings
2023-10-22 21:11:10,555 [INFO] IPUIPlugin:80 - create IPUIPlugin
2023-10-22 21:11:10,555 [INFO] PluginManager:220 - loadIPPluginJar : add dma3
2023-10-22 21:11:10,558 [INFO] IPUIPlugin:80 - create IPUIPlugin
2023-10-22 21:11:10,558 [INFO] PluginManager:220 - loadIPPluginJar : add fmc
2023-10-22 21:11:10,559 [INFO] IPUIPlugin:80 - create IPUIPlugin
2023-10-22 21:11:10,559 [INFO] PluginManager:220 - loadIPPluginJar : add comp
2023-10-22 21:11:10,561 [INFO] IPUIPlugin:80 - create IPUIPlugin
2023-10-22 21:11:10,561 [INFO] PluginManager:220 - loadIPPluginJar : add ipddr
2023-10-22 21:11:10,647 [INFO] CADModel:165 - CPN selected for project level
2023-10-22 21:11:10,647 [INFO] CADModel:114 - Register for checkConnection events
2023-10-22 21:11:10,647 [FATAL] Updater:308 - Updater called before beeing initialized
2023-10-22 21:11:10,647 [ERROR] CADModel:125 - Updater not yet initialized, retry later 
2023-10-22 21:11:10,722 [INFO] CADModel:165 - CPN selected for project level
2023-10-22 21:11:10,722 [INFO] CADModel:114 - Register for checkConnection events
2023-10-22 21:11:10,723 [FATAL] Updater:308 - Updater called before beeing initialized
2023-10-22 21:11:10,723 [ERROR] CADModel:125 - Updater not yet initialized, retry later 
2023-10-22 21:11:10,725 [FATAL] Updater:308 - Updater called before beeing initialized
2023-10-22 21:11:10,777 [FATAL] Updater:308 - Updater called before beeing initialized
2023-10-22 21:11:10,780 [INFO] DbMcusAds:53 - JSON generation date=Thu Sep 30 15:55:09 JST 2021 (1632984909247)
2023-10-22 21:11:10,780 [FATAL] Updater:308 - Updater called before beeing initialized
2023-10-22 21:11:10,803 [WARN] DetailPanel:346 - Failed to get advertising image, set to default
2023-10-22 21:11:10,866 [FATAL] Updater:308 - Updater called before beeing initialized
2023-10-22 21:11:10,867 [FATAL] Updater:308 - Updater called before beeing initialized
2023-10-22 21:11:10,867 [FATAL] Updater:308 - Updater called before beeing initialized
2023-10-22 21:11:10,867 [WARN] DetailPanel:346 - Failed to get advertising image, set to default
2023-10-22 21:11:10,868 [FATAL] Updater:308 - Updater called before beeing initialized
2023-10-22 21:11:10,885 [ERROR] Updater:1120 - MainUpdater not yet initialized. External WinMGr cannot be set.
2023-10-22 21:11:10,887 [INFO] Updater:1056 - Updater Version found : 6.9.2
2023-10-22 21:11:10,898 [INFO] ApplicationProperties:184 - Using Application install path: /opt/st/stm32cubeide_1.13.2/plugins/com.st.stm32cube.common.mx_6.9.2.202309101412
2023-10-22 21:11:10,997 [INFO] MainUpdater:2868 - connection check result : 10
2023-10-22 21:11:10,997 [INFO] MainUpdater:285 - Updater Check For Update Now.
2023-10-22 21:11:10,997 [INFO] MicroXplorer:498 - Change Database Version : DB.6.0.92
2023-10-22 21:11:11,000 [INFO] McuFinderGlobals:63 - Set McuFinder mode to 2 (CubeIDE integrated)
2023-10-22 21:11:11,000 [INFO] UserAuth:179 - activating auth plugin
2023-10-22 21:11:11,002 [INFO] UserAuth:393 - Internet connection configuration mode: 1
2023-10-22 21:11:11,008 [INFO] JxBrowserEngine:151 - Initiate JxBrowser Engine with user profile folder
2023-10-22 21:11:11,140 [INFO] CheckServerUpdateThread:120 - End of CheckServer Thread
2023-10-22 21:11:11,333 [INFO] WebApp:157 - Instantiating new browser for Auth
2023-10-22 21:11:11,626 [INFO] WebApp:753 - Register for checkConnection events
2023-10-22 21:11:11,626 [INFO] WebApp:390 - Apply proxy settings
2023-10-22 21:11:11,626 [INFO] WebApp:475 - Chromium requires no authentication
2023-10-22 21:11:11,630 [INFO] WebApp:418 - Direct internet connection detected
2023-10-22 21:11:11,713 [INFO] WebApp:188 - Starting web application
2023-10-22 21:11:11,713 [INFO] WebApp:520 - Web application path used /opt/st/stm32cubeide_1.13.2/plugins/com.st.stm32cube.common.mx_6.9.2.202309101412/db/plugins/mcufinder/reactClient1/index.html
2023-10-22 21:11:13,280 [WARN] PackLoader:240 - Cannot read IP mode file for STMicroelectronics.FP-SNS-MOTENV1.4.3.2
2023-10-22 21:11:13,292 [WARN] PackLoader:240 - Cannot read IP mode file for STMicroelectronics.X-CUBE-BLEMGR.2.0.0
2023-10-22 21:11:13,297 [WARN] PackLoader:240 - Cannot read IP mode file for STMicroelectronics.FP-SNS-FLIGHT1.5.0.2
2023-10-22 21:11:13,306 [WARN] PackLoader:240 - Cannot read IP mode file for STMicroelectronics.X-CUBE-DISPLAY.3.0.0
2023-10-22 21:11:13,315 [WARN] PackLoader:240 - Cannot read IP mode file for STMicroelectronics.X-CUBE-BLE1.7.0.0
2023-10-22 21:11:13,321 [WARN] PackLoader:240 - Cannot read IP mode file for STMicroelectronics.X-CUBE-EEPRMA1.4.1.0
2023-10-22 21:11:13,325 [WARN] PackLoader:240 - Cannot read IP mode file for STMicroelectronics.X-CUBE-AI.8.1.0
2023-10-22 21:11:13,328 [WARN] PackLoader:240 - Cannot read IP mode file for STMicroelectronics.X-CUBE-BLE2.3.3.0
2023-10-22 21:11:13,331 [WARN] PackLoader:240 - Cannot read IP mode file for STMicroelectronics.FP-ATR-SIGFOX1.3.2.0
2023-10-22 21:11:13,336 [WARN] PackLoader:240 - Cannot read IP mode file for STMicroelectronics.X-CUBE-FREERTOS.1.1.0
2023-10-22 21:11:13,339 [WARN] PackLoader:240 - Cannot read IP mode file for STMicroelectronics.X-CUBE-ALS.1.0.1
2023-10-22 21:11:13,341 [WARN] PackLoader:240 - Cannot read IP mode file for STMicroelectronics.FP-ATR-ASTRA1.2.0.0
2023-10-22 21:11:13,342 [INFO] ThirdParty:978 - Integrity check success = true
2023-10-22 21:11:13,342 [INFO] IntegrityCheckThread:100 - exiting critical section [integrity check]
2023-10-22 21:11:13,342 [INFO] IntegrityCheckThread:103 - End integrity checks thread
2023-10-22 21:11:31,977 [ERROR] LogOutputStream:75 - [STDERR_REDIRECT] SLF4J: Failed to load class "org.slf4j.impl.StaticLoggerBinder".
2023-10-22 21:11:31,977 [ERROR] LogOutputStream:75 - [STDERR_REDIRECT] SLF4J: Defaulting to no-operation (NOP) logger implementation
2023-10-22 21:11:31,977 [ERROR] LogOutputStream:75 - [STDERR_REDIRECT] SLF4J: See http://www.slf4j.org/codes.html#StaticLoggerBinder for further details.
2023-10-22 21:34:02,005 [ERROR] LogOutputStream:75 - [STDERR_REDIRECT] 
